<?xml version="1.0" encoding="UTF-8"?>
<testng-results ignored="0" total="1" passed="1" failed="0" skipped="0">
  <reporter-output>
  </reporter-output>
  <suite started-at="2019-03-28T19:28:54Z" name="Default suite" finished-at="2019-03-28T19:29:02Z" duration-ms="7872">
    <groups>
    </groups>
    <test started-at="2019-03-28T19:28:54Z" name="Default test" finished-at="2019-03-28T19:29:02Z" duration-ms="7872">
      <class name="com.TestCases.UnoTest">
        <test-method is-config="true" signature="SetUp()[pri:0, instance:com.TestCases.UnoTest@561b6512]" started-at="2019-03-28T19:28:54Z" name="SetUp" finished-at="2019-03-28T19:29:01Z" duration-ms="6224" status="PASS">
          <reporter-output>
          </reporter-output>
        </test-method> <!-- SetUp -->
        <test-method signature="runit()[pri:0, instance:com.TestCases.UnoTest@561b6512]" started-at="2019-03-28T19:29:01Z" name="runit" finished-at="2019-03-28T19:29:01Z" duration-ms="567" status="PASS">
          <reporter-output>
          </reporter-output>
        </test-method> <!-- runit -->
        <test-method is-config="true" signature="TearDown()[pri:0, instance:com.TestCases.UnoTest@561b6512]" started-at="2019-03-28T19:29:01Z" name="TearDown" finished-at="2019-03-28T19:29:02Z" duration-ms="1021" status="PASS">
          <reporter-output>
          </reporter-output>
        </test-method> <!-- TearDown -->
      </class> <!-- com.TestCases.UnoTest -->
    </test> <!-- Default test -->
  </suite> <!-- Default suite -->
</testng-results>
